#! /usr/bin/vvp
:ivl_version "10.1 (stable)";
:ivl_delay_selection "TYPICAL";
:vpi_time_precision + 0;
:vpi_module "system";
:vpi_module "vhdl_sys";
:vpi_module "v2005_math";
:vpi_module "va_math";
S_0x5655558acac0 .scope module, "testbench" "testbench" 2 35;
 .timescale 0 0;
v0x5655558cfe40_0 .net "I", 0 0, L_0x5655558d3760;  1 drivers
v0x5655558cff00_0 .net "M", 0 0, L_0x5655558d12b0;  1 drivers
v0x5655558cffa0_0 .var "a", 1 0;
v0x5655558d00a0_0 .var "b", 1 0;
S_0x5655558acc40 .scope module, "comparador" "maiorIgual2Bits" 2 39, 2 1 0, S_0x5655558acac0;
 .timescale 0 0;
    .port_info 0 /INPUT 2 "a"
    .port_info 1 /INPUT 2 "b"
    .port_info 2 /OUTPUT 1 "M"
    .port_info 3 /OUTPUT 1 "I"
L_0x5655558d0330 .functor NOT 1, L_0x5655558d0240, C4<0>, C4<0>, C4<0>;
L_0x5655558d03f0 .functor AND 1, L_0x5655558d0170, L_0x5655558d0330, C4<1>, C4<1>;
L_0x5655558d0670 .functor AND 1, L_0x5655558d0500, L_0x5655558d05a0, C4<1>, C4<1>;
L_0x5655558d08e0 .functor AND 1, L_0x5655558d0760, L_0x5655558d0800, C4<1>, C4<1>;
L_0x5655558d09d0 .functor NOT 1, L_0x5655558d08e0, C4<0>, C4<0>, C4<0>;
L_0x5655558d0a90 .functor AND 1, L_0x5655558d0670, L_0x5655558d09d0, C4<1>, C4<1>;
L_0x5655558d0be0 .functor OR 1, L_0x5655558d03f0, L_0x5655558d0a90, C4<0>, C4<0>;
L_0x5655558d0f20 .functor OR 1, L_0x5655558d0d90, L_0x5655558d0e80, C4<0>, C4<0>;
L_0x5655558d1080 .functor NOT 1, L_0x5655558d0f20, C4<0>, C4<0>, C4<0>;
L_0x5655558d1140 .functor AND 1, L_0x5655558d0cf0, L_0x5655558d1080, C4<1>, C4<1>;
L_0x5655558d12b0 .functor OR 1, L_0x5655558d0be0, L_0x5655558d1140, C4<0>, C4<0>;
L_0x5655558d1560 .functor OR 1, L_0x5655558d13c0, L_0x5655558d14c0, C4<0>, C4<0>;
L_0x5655558d17a0 .functor OR 1, L_0x5655558d1560, L_0x5655558d1690, C4<0>, C4<0>;
L_0x5655558d1950 .functor OR 1, L_0x5655558d17a0, L_0x5655558d18b0, C4<0>, C4<0>;
L_0x5655558d1620 .functor NOT 1, L_0x5655558d1950, C4<0>, C4<0>, C4<0>;
L_0x5655558d1730 .functor AND 1, L_0x5655558d1b30, L_0x5655558d1c50, C4<1>, C4<1>;
L_0x5655558d1ff0 .functor OR 1, L_0x5655558d1e20, L_0x5655558d1f50, C4<0>, C4<0>;
L_0x5655558d2100 .functor NOT 1, L_0x5655558d1ff0, C4<0>, C4<0>, C4<0>;
L_0x5655558d2260 .functor AND 1, L_0x5655558d1730, L_0x5655558d2100, C4<1>, C4<1>;
L_0x5655558d2370 .functor OR 1, L_0x5655558d1620, L_0x5655558d2260, C4<0>, C4<0>;
L_0x5655558d2670 .functor AND 1, L_0x5655558d21c0, L_0x5655558d25d0, C4<1>, C4<1>;
L_0x5655558d28d0 .functor OR 1, L_0x5655558d2780, L_0x5655558d2530, C4<0>, C4<0>;
L_0x5655558d2aa0 .functor NOT 1, L_0x5655558d28d0, C4<0>, C4<0>, C4<0>;
L_0x5655558d2b60 .functor AND 1, L_0x5655558d2670, L_0x5655558d2aa0, C4<1>, C4<1>;
L_0x5655558d2d40 .functor OR 1, L_0x5655558d2370, L_0x5655558d2b60, C4<0>, C4<0>;
L_0x5655558d3050 .functor AND 1, L_0x5655558d2e50, L_0x5655558d2fb0, C4<1>, C4<1>;
L_0x5655558d33b0 .functor AND 1, L_0x5655558d3050, L_0x5655558d3240, C4<1>, C4<1>;
L_0x5655558d3560 .functor AND 1, L_0x5655558d33b0, L_0x5655558d34c0, C4<1>, C4<1>;
L_0x5655558d3760 .functor OR 1, L_0x5655558d2d40, L_0x5655558d3560, C4<0>, C4<0>;
v0x5655558ace30_0 .net "I", 0 0, L_0x5655558d3760;  alias, 1 drivers
v0x5655558ccd90_0 .net "M", 0 0, L_0x5655558d12b0;  alias, 1 drivers
v0x5655558cce50_0 .net *"_s1", 0 0, L_0x5655558d0170;  1 drivers
v0x5655558ccf10_0 .net *"_s100", 0 0, L_0x5655558d33b0;  1 drivers
v0x5655558ccff0_0 .net *"_s103", 0 0, L_0x5655558d34c0;  1 drivers
v0x5655558cd120_0 .net *"_s104", 0 0, L_0x5655558d3560;  1 drivers
v0x5655558cd200_0 .net *"_s11", 0 0, L_0x5655558d05a0;  1 drivers
v0x5655558cd2e0_0 .net *"_s12", 0 0, L_0x5655558d0670;  1 drivers
v0x5655558cd3c0_0 .net *"_s15", 0 0, L_0x5655558d0760;  1 drivers
v0x5655558cd4a0_0 .net *"_s17", 0 0, L_0x5655558d0800;  1 drivers
v0x5655558cd580_0 .net *"_s18", 0 0, L_0x5655558d08e0;  1 drivers
v0x5655558cd660_0 .net *"_s20", 0 0, L_0x5655558d09d0;  1 drivers
v0x5655558cd740_0 .net *"_s22", 0 0, L_0x5655558d0a90;  1 drivers
v0x5655558cd820_0 .net *"_s24", 0 0, L_0x5655558d0be0;  1 drivers
v0x5655558cd900_0 .net *"_s27", 0 0, L_0x5655558d0cf0;  1 drivers
v0x5655558cd9e0_0 .net *"_s29", 0 0, L_0x5655558d0d90;  1 drivers
v0x5655558cdac0_0 .net *"_s3", 0 0, L_0x5655558d0240;  1 drivers
v0x5655558cdba0_0 .net *"_s31", 0 0, L_0x5655558d0e80;  1 drivers
v0x5655558cdc80_0 .net *"_s32", 0 0, L_0x5655558d0f20;  1 drivers
v0x5655558cdd60_0 .net *"_s34", 0 0, L_0x5655558d1080;  1 drivers
v0x5655558cde40_0 .net *"_s36", 0 0, L_0x5655558d1140;  1 drivers
v0x5655558cdf20_0 .net *"_s4", 0 0, L_0x5655558d0330;  1 drivers
v0x5655558ce000_0 .net *"_s41", 0 0, L_0x5655558d13c0;  1 drivers
v0x5655558ce0e0_0 .net *"_s43", 0 0, L_0x5655558d14c0;  1 drivers
v0x5655558ce1c0_0 .net *"_s44", 0 0, L_0x5655558d1560;  1 drivers
v0x5655558ce2a0_0 .net *"_s47", 0 0, L_0x5655558d1690;  1 drivers
v0x5655558ce380_0 .net *"_s48", 0 0, L_0x5655558d17a0;  1 drivers
v0x5655558ce460_0 .net *"_s51", 0 0, L_0x5655558d18b0;  1 drivers
v0x5655558ce540_0 .net *"_s52", 0 0, L_0x5655558d1950;  1 drivers
v0x5655558ce620_0 .net *"_s54", 0 0, L_0x5655558d1620;  1 drivers
v0x5655558ce700_0 .net *"_s57", 0 0, L_0x5655558d1b30;  1 drivers
v0x5655558ce7e0_0 .net *"_s59", 0 0, L_0x5655558d1c50;  1 drivers
v0x5655558ce8c0_0 .net *"_s6", 0 0, L_0x5655558d03f0;  1 drivers
v0x5655558ce9a0_0 .net *"_s60", 0 0, L_0x5655558d1730;  1 drivers
v0x5655558cea80_0 .net *"_s63", 0 0, L_0x5655558d1e20;  1 drivers
v0x5655558ceb60_0 .net *"_s65", 0 0, L_0x5655558d1f50;  1 drivers
v0x5655558cec40_0 .net *"_s66", 0 0, L_0x5655558d1ff0;  1 drivers
v0x5655558ced20_0 .net *"_s68", 0 0, L_0x5655558d2100;  1 drivers
v0x5655558cee00_0 .net *"_s70", 0 0, L_0x5655558d2260;  1 drivers
v0x5655558ceee0_0 .net *"_s72", 0 0, L_0x5655558d2370;  1 drivers
v0x5655558cefc0_0 .net *"_s75", 0 0, L_0x5655558d21c0;  1 drivers
v0x5655558cf0a0_0 .net *"_s77", 0 0, L_0x5655558d25d0;  1 drivers
v0x5655558cf180_0 .net *"_s78", 0 0, L_0x5655558d2670;  1 drivers
v0x5655558cf260_0 .net *"_s81", 0 0, L_0x5655558d2780;  1 drivers
v0x5655558cf340_0 .net *"_s83", 0 0, L_0x5655558d2530;  1 drivers
v0x5655558cf420_0 .net *"_s84", 0 0, L_0x5655558d28d0;  1 drivers
v0x5655558cf500_0 .net *"_s86", 0 0, L_0x5655558d2aa0;  1 drivers
v0x5655558cf5e0_0 .net *"_s88", 0 0, L_0x5655558d2b60;  1 drivers
v0x5655558cf6c0_0 .net *"_s9", 0 0, L_0x5655558d0500;  1 drivers
v0x5655558cf7a0_0 .net *"_s90", 0 0, L_0x5655558d2d40;  1 drivers
v0x5655558cf880_0 .net *"_s93", 0 0, L_0x5655558d2e50;  1 drivers
v0x5655558cf960_0 .net *"_s95", 0 0, L_0x5655558d2fb0;  1 drivers
v0x5655558cfa40_0 .net *"_s96", 0 0, L_0x5655558d3050;  1 drivers
v0x5655558cfb20_0 .net *"_s99", 0 0, L_0x5655558d3240;  1 drivers
v0x5655558cfc00_0 .net "a", 1 0, v0x5655558cffa0_0;  1 drivers
v0x5655558cfce0_0 .net "b", 1 0, v0x5655558d00a0_0;  1 drivers
L_0x5655558d0170 .part v0x5655558cffa0_0, 1, 1;
L_0x5655558d0240 .part v0x5655558d00a0_0, 1, 1;
L_0x5655558d0500 .part v0x5655558cffa0_0, 1, 1;
L_0x5655558d05a0 .part v0x5655558cffa0_0, 0, 1;
L_0x5655558d0760 .part v0x5655558d00a0_0, 1, 1;
L_0x5655558d0800 .part v0x5655558d00a0_0, 0, 1;
L_0x5655558d0cf0 .part v0x5655558cffa0_0, 0, 1;
L_0x5655558d0d90 .part v0x5655558d00a0_0, 0, 1;
L_0x5655558d0e80 .part v0x5655558d00a0_0, 1, 1;
L_0x5655558d13c0 .part v0x5655558cffa0_0, 0, 1;
L_0x5655558d14c0 .part v0x5655558cffa0_0, 1, 1;
L_0x5655558d1690 .part v0x5655558d00a0_0, 0, 1;
L_0x5655558d18b0 .part v0x5655558d00a0_0, 1, 1;
L_0x5655558d1b30 .part v0x5655558cffa0_0, 0, 1;
L_0x5655558d1c50 .part v0x5655558d00a0_0, 0, 1;
L_0x5655558d1e20 .part v0x5655558cffa0_0, 1, 1;
L_0x5655558d1f50 .part v0x5655558d00a0_0, 1, 1;
L_0x5655558d21c0 .part v0x5655558cffa0_0, 1, 1;
L_0x5655558d25d0 .part v0x5655558d00a0_0, 1, 1;
L_0x5655558d2780 .part v0x5655558cffa0_0, 0, 1;
L_0x5655558d2530 .part v0x5655558d00a0_0, 0, 1;
L_0x5655558d2e50 .part v0x5655558cffa0_0, 0, 1;
L_0x5655558d2fb0 .part v0x5655558cffa0_0, 1, 1;
L_0x5655558d3240 .part v0x5655558d00a0_0, 0, 1;
L_0x5655558d34c0 .part v0x5655558d00a0_0, 1, 1;
    .scope S_0x5655558acac0;
T_0 ;
    %pushi/vec4 0, 0, 2;
    %store/vec4 v0x5655558cffa0_0, 0, 2;
    %delay 1, 0;
    %vpi_call 2 44 "$monitor", "a %b b %b     M %b  I %b", v0x5655558cffa0_0, v0x5655558d00a0_0, v0x5655558cff00_0, v0x5655558cfe40_0 {0 0 0};
    %pushi/vec4 0, 0, 2;
    %store/vec4 v0x5655558d00a0_0, 0, 2;
    %delay 1, 0;
    %pushi/vec4 1, 0, 2;
    %store/vec4 v0x5655558d00a0_0, 0, 2;
    %delay 1, 0;
    %pushi/vec4 2, 0, 2;
    %store/vec4 v0x5655558d00a0_0, 0, 2;
    %delay 1, 0;
    %pushi/vec4 3, 0, 2;
    %store/vec4 v0x5655558d00a0_0, 0, 2;
    %delay 1, 0;
    %pushi/vec4 0, 0, 2;
    %store/vec4 v0x5655558d00a0_0, 0, 2;
    %delay 1, 0;
    %pushi/vec4 1, 0, 2;
    %store/vec4 v0x5655558cffa0_0, 0, 2;
    %delay 1, 0;
    %pushi/vec4 1, 0, 2;
    %store/vec4 v0x5655558d00a0_0, 0, 2;
    %delay 1, 0;
    %pushi/vec4 2, 0, 2;
    %store/vec4 v0x5655558d00a0_0, 0, 2;
    %delay 1, 0;
    %pushi/vec4 3, 0, 2;
    %store/vec4 v0x5655558d00a0_0, 0, 2;
    %delay 1, 0;
    %pushi/vec4 0, 0, 2;
    %store/vec4 v0x5655558d00a0_0, 0, 2;
    %delay 1, 0;
    %pushi/vec4 2, 0, 2;
    %store/vec4 v0x5655558cffa0_0, 0, 2;
    %delay 1, 0;
    %pushi/vec4 1, 0, 2;
    %store/vec4 v0x5655558d00a0_0, 0, 2;
    %delay 1, 0;
    %pushi/vec4 2, 0, 2;
    %store/vec4 v0x5655558d00a0_0, 0, 2;
    %delay 1, 0;
    %pushi/vec4 3, 0, 2;
    %store/vec4 v0x5655558d00a0_0, 0, 2;
    %delay 1, 0;
    %pushi/vec4 0, 0, 2;
    %store/vec4 v0x5655558d00a0_0, 0, 2;
    %delay 1, 0;
    %pushi/vec4 3, 0, 2;
    %store/vec4 v0x5655558cffa0_0, 0, 2;
    %delay 1, 0;
    %pushi/vec4 1, 0, 2;
    %store/vec4 v0x5655558d00a0_0, 0, 2;
    %delay 1, 0;
    %pushi/vec4 2, 0, 2;
    %store/vec4 v0x5655558d00a0_0, 0, 2;
    %delay 1, 0;
    %pushi/vec4 3, 0, 2;
    %store/vec4 v0x5655558d00a0_0, 0, 2;
    %delay 1, 0;
    %end;
    .thread T_0;
# The file index is used to find the file name in the following table.
:file_names 3;
    "N/A";
    "<interactive>";
    "treeComparator.v";
